<?xml version="1.0" encoding="UTF-8"?>
<!-- Generated by org.testng.reporters.JUnitXMLReporter -->
<testsuite ignored="1" hostname="DESKTOP-7H5FTIU" failures="0" tests="1" name="Default test" time="282.235" errors="0" timestamp="2026-01-22T10:54:58 IST">
  <testcase classname="com.kpmg.test.LoginTest" name="validLoginTest" time="210.043"/>
  <testcase classname="com.kpmg.test.LoginTest" name="invalidLoginTest" time="0.0">
    <ignored/>
  </testcase> <!-- invalidLoginTest -->
</testsuite> <!-- Default test -->
