<?xml version="1.0" encoding="UTF-8"?>
<!-- Generated by org.testng.reporters.JUnitXMLReporter -->
<testsuite ignored="3" hostname="DESKTOP-7H5FTIU" failures="0" tests="2" name="All Classes" time="57.027" errors="0" timestamp="2026-01-22T11:08:59 IST">
  <testcase classname="com.kpmg.test.LoginUITest" name="titleTest" time="0.056"/>
  <testcase classname="com.kpmg.test.LoginTest" name="validLoginTest" time="10.033"/>
  <testcase classname="com.kpmg.test.LoginTest" name="invalidLoginTest" time="0.0">
    <ignored/>
  </testcase> <!-- invalidLoginTest -->
  <testcase classname="com.kpmg.test.LoginUITest" name="placeholderTest" time="0.0">
    <ignored/>
  </testcase> <!-- placeholderTest -->
  <testcase classname="com.kpmg.test.LoginUITest" name="headerTest" time="0.0">
    <ignored/>
  </testcase> <!-- headerTest -->
</testsuite> <!-- All Classes -->
