<?xml version="1.0" encoding="UTF-8"?>
<!-- Generated by org.testng.reporters.JUnitXMLReporter -->
<testsuite ignored="0" hostname="DESKTOP-7H5FTIU" failures="0" tests="2" name="Login UI Test" time="0.295" errors="0" timestamp="2026-01-21T13:16:53 IST">
  <testcase classname="com.kpmg.base.AutomationWrapper" name="@BeforeMethod setup" time="-1.768981613596E9">
    <failure type="org.testng.TestNGException" message="
Parameter &amp;apos;browser&amp;apos; is required by BeforeMethod on method setup but has not been marked @Optional or defined
in C:\AutomationSession\automation_workspace\HybridFramework\testng.xml">
      <![CDATA[org.testng.TestNGException: 
Parameter 'browser' is required by BeforeMethod on method setup but has not been marked @Optional or defined
in C:\AutomationSession\automation_workspace\HybridFramework\testng.xml
at java.base/java.util.ArrayList.forEach(ArrayList.java:1596)
... Removed 28 stack frames]]>
    </failure>
  </testcase> <!-- @BeforeMethod setup -->
  <testcase classname="com.kpmg.base.AutomationWrapper" name="@AfterMethod teardown" time="0.0">
    <skipped/>
  </testcase> <!-- @AfterMethod teardown -->
  <testcase classname="com.kpmg.base.AutomationWrapper" name="@BeforeMethod setup" time="0.0">
    <skipped/>
  </testcase> <!-- @BeforeMethod setup -->
  <testcase classname="com.kpmg.base.AutomationWrapper" name="@AfterMethod teardown" time="0.0">
    <skipped/>
  </testcase> <!-- @AfterMethod teardown -->
  <testcase classname="com.kpmg.test.LoginUITest" name="headerTest" time="0.0">
    <skipped/>
  </testcase> <!-- headerTest -->
  <testcase classname="com.kpmg.test.LoginUITest" name="titleTest" time="0.002">
    <skipped/>
  </testcase> <!-- titleTest -->
</testsuite> <!-- Login UI Test -->
