<?xml version="1.0" encoding="UTF-8"?>
<testng-results ignored="1" total="3" passed="2" failed="0" skipped="0">
  <reporter-output>
  </reporter-output>
  <suite started-at="2026-01-20T11:55:29 IST" name="Default suite" finished-at="2026-01-20T11:57:56 IST" duration-ms="147024">
    <groups>
    </groups>
    <test started-at="2026-01-20T11:55:29 IST" name="Default test" finished-at="2026-01-20T11:57:56 IST" duration-ms="147024">
      <class name="com.kpmg.test.LoginTest">
        <test-method is-config="true" signature="setup()[pri:0, instance:com.kpmg.test.LoginTest@6bbe85a8]" started-at="2026-01-20T11:55:52 IST" name="setup" finished-at="2026-01-20T11:57:07 IST" duration-ms="75221" status="PASS">
          <reporter-output>
          </reporter-output>
        </test-method> <!-- setup -->
        <test-method signature="invalidLoginTest(java.lang.String,java.lang.String,java.lang.String)[pri:0, instance:com.kpmg.test.LoginTest@6bbe85a8]" started-at="2026-01-20T11:57:07 IST" name="invalidLoginTest" data-provider="invalidLoginData" finished-at="2026-01-20T11:57:32 IST" duration-ms="24536" status="PASS">
          <params>
            <param index="0">
              <value>
                <![CDATA[saul]]>
              </value>
            </param>
            <param index="1">
              <value>
                <![CDATA[saul123]]>
              </value>
            </param>
            <param index="2">
              <value>
                <![CDATA[Invalid credentials]]>
              </value>
            </param>
          </params>
          <reporter-output>
          </reporter-output>
        </test-method> <!-- invalidLoginTest -->
        <test-method is-config="true" signature="teardown()[pri:0, instance:com.kpmg.test.LoginTest@6bbe85a8]" started-at="2026-01-20T11:57:32 IST" name="teardown" finished-at="2026-01-20T11:57:34 IST" duration-ms="2446" status="PASS">
          <reporter-output>
          </reporter-output>
        </test-method> <!-- teardown -->
        <test-method is-config="true" signature="setup()[pri:0, instance:com.kpmg.test.LoginTest@6bbe85a8]" started-at="2026-01-20T11:57:34 IST" name="setup" finished-at="2026-01-20T11:57:48 IST" duration-ms="13730" status="PASS">
          <reporter-output>
          </reporter-output>
        </test-method> <!-- setup -->
        <test-method signature="invalidLoginTest(java.lang.String,java.lang.String,java.lang.String)[pri:0, instance:com.kpmg.test.LoginTest@6bbe85a8]" started-at="2026-01-20T11:57:48 IST" name="invalidLoginTest" data-provider="invalidLoginData" finished-at="2026-01-20T11:57:53 IST" duration-ms="5343" status="PASS">
          <params>
            <param index="0">
              <value>
                <![CDATA[john]]>
              </value>
            </param>
            <param index="1">
              <value>
                <![CDATA[john123]]>
              </value>
            </param>
            <param index="2">
              <value>
                <![CDATA[Invalid credentials]]>
              </value>
            </param>
          </params>
          <reporter-output>
          </reporter-output>
        </test-method> <!-- invalidLoginTest -->
        <test-method is-config="true" signature="teardown()[pri:0, instance:com.kpmg.test.LoginTest@6bbe85a8]" started-at="2026-01-20T11:57:53 IST" name="teardown" finished-at="2026-01-20T11:57:56 IST" duration-ms="2407" status="PASS">
          <reporter-output>
          </reporter-output>
        </test-method> <!-- teardown -->
      </class> <!-- com.kpmg.test.LoginTest -->
    </test> <!-- Default test -->
  </suite> <!-- Default suite -->
</testng-results>
