<?xml version="1.0" encoding="UTF-8"?>
<testng-results ignored="0" total="1" passed="1" failed="0" skipped="0">
  <reporter-output>
  </reporter-output>
  <suite started-at="2026-01-19T13:13:58 IST" name="Default suite" finished-at="2026-01-19T13:14:29 IST" duration-ms="31090">
    <groups>
    </groups>
    <test started-at="2026-01-19T13:13:58 IST" name="Default test" finished-at="2026-01-19T13:14:29 IST" duration-ms="31090">
      <class name="com.kpmg.test.LoginTest">
        <test-method is-config="true" signature="setup()[pri:0, instance:com.kpmg.test.LoginTest@c8c12ac]" started-at="2026-01-19T13:13:58 IST" name="setup" finished-at="2026-01-19T13:14:28 IST" duration-ms="29417" status="PASS">
          <reporter-output>
          </reporter-output>
        </test-method> <!-- setup -->
        <test-method signature="validLoginTest()[pri:0, instance:com.kpmg.test.LoginTest@c8c12ac]" started-at="2026-01-19T13:14:28 IST" name="validLoginTest" finished-at="2026-01-19T13:14:29 IST" duration-ms="1034" status="PASS">
          <reporter-output>
          </reporter-output>
        </test-method> <!-- validLoginTest -->
        <test-method is-config="true" signature="teardown()[pri:0, instance:com.kpmg.test.LoginTest@c8c12ac]" started-at="2026-01-19T13:14:29 IST" name="teardown" finished-at="2026-01-19T13:14:29 IST" duration-ms="495" status="PASS">
          <reporter-output>
          </reporter-output>
        </test-method> <!-- teardown -->
      </class> <!-- com.kpmg.test.LoginTest -->
    </test> <!-- Default test -->
  </suite> <!-- Default suite -->
</testng-results>
