<?xml version="1.0" encoding="UTF-8"?>
<testng-results ignored="0" total="2" passed="2" failed="0" skipped="0">
  <reporter-output>
  </reporter-output>
  <suite started-at="2026-01-19T12:42:02 IST" name="Default suite" finished-at="2026-01-19T12:43:56 IST" duration-ms="114177">
    <groups>
    </groups>
    <test started-at="2026-01-19T12:42:02 IST" name="Default test" finished-at="2026-01-19T12:43:56 IST" duration-ms="114177">
      <class name="com.kpmg.test.LoginUITest">
        <test-method is-config="true" signature="setup()[pri:0, instance:com.kpmg.test.LoginUITest@69e153c5]" started-at="2026-01-19T12:42:02 IST" name="setup" finished-at="2026-01-19T12:43:01 IST" duration-ms="58862" status="PASS">
          <reporter-output>
          </reporter-output>
        </test-method> <!-- setup -->
        <test-method signature="headerTest()[pri:0, instance:com.kpmg.test.LoginUITest@69e153c5]" started-at="2026-01-19T12:43:01 IST" name="headerTest" finished-at="2026-01-19T12:43:23 IST" duration-ms="22286" status="PASS">
          <reporter-output>
          </reporter-output>
        </test-method> <!-- headerTest -->
        <test-method is-config="true" signature="teardown()[pri:0, instance:com.kpmg.test.LoginUITest@69e153c5]" started-at="2026-01-19T12:43:23 IST" name="teardown" finished-at="2026-01-19T12:43:25 IST" duration-ms="2649" status="PASS">
          <reporter-output>
          </reporter-output>
        </test-method> <!-- teardown -->
        <test-method is-config="true" signature="setup()[pri:0, instance:com.kpmg.test.LoginUITest@69e153c5]" started-at="2026-01-19T12:43:25 IST" name="setup" finished-at="2026-01-19T12:43:50 IST" duration-ms="24503" status="PASS">
          <reporter-output>
          </reporter-output>
        </test-method> <!-- setup -->
        <test-method signature="titleTest()[pri:0, instance:com.kpmg.test.LoginUITest@69e153c5]" started-at="2026-01-19T12:43:50 IST" name="titleTest" finished-at="2026-01-19T12:43:54 IST" duration-ms="3831" status="PASS">
          <reporter-output>
          </reporter-output>
        </test-method> <!-- titleTest -->
        <test-method is-config="true" signature="teardown()[pri:0, instance:com.kpmg.test.LoginUITest@69e153c5]" started-at="2026-01-19T12:43:54 IST" name="teardown" finished-at="2026-01-19T12:43:56 IST" duration-ms="1884" status="PASS">
          <reporter-output>
          </reporter-output>
        </test-method> <!-- teardown -->
      </class> <!-- com.kpmg.test.LoginUITest -->
    </test> <!-- Default test -->
  </suite> <!-- Default suite -->
</testng-results>
