<?xml version="1.0" encoding="UTF-8"?>
<testng-results ignored="1" total="2" passed="1" failed="0" skipped="0">
  <reporter-output>
  </reporter-output>
  <suite started-at="2026-01-22T10:50:15 IST" name="Default suite" finished-at="2026-01-22T10:54:57 IST" duration-ms="282235">
    <groups>
    </groups>
    <test started-at="2026-01-22T10:50:15 IST" name="Default test" finished-at="2026-01-22T10:54:57 IST" duration-ms="282235">
      <class name="com.kpmg.test.LoginTest">
        <test-method is-config="true" signature="setup(java.lang.String)[pri:0, instance:com.kpmg.test.LoginTest@3a7442c7]" started-at="2026-01-22T10:50:30 IST" name="setup" finished-at="2026-01-22T10:51:24 IST" duration-ms="54303" status="PASS">
          <params>
            <param index="0">
              <value>
                <![CDATA[chrome]]>
              </value>
            </param>
          </params>
          <reporter-output>
          </reporter-output>
        </test-method> <!-- setup -->
        <test-method signature="validLoginTest(java.lang.String,java.lang.String,java.lang.String)[pri:0, instance:com.kpmg.test.LoginTest@3a7442c7]" started-at="2026-01-22T10:51:24 IST" name="validLoginTest" data-provider="commonDataProvider" finished-at="2026-01-22T10:54:54 IST" duration-ms="210043" status="PASS">
          <params>
            <param index="0">
              <value>
                <![CDATA[Admin]]>
              </value>
            </param>
            <param index="1">
              <value>
                <![CDATA[admin123]]>
              </value>
            </param>
            <param index="2">
              <value>
                <![CDATA[Dashboard]]>
              </value>
            </param>
          </params>
          <reporter-output>
          </reporter-output>
        </test-method> <!-- validLoginTest -->
        <test-method is-config="true" signature="teardown()[pri:0, instance:com.kpmg.test.LoginTest@3a7442c7]" started-at="2026-01-22T10:54:54 IST" name="teardown" finished-at="2026-01-22T10:54:57 IST" duration-ms="3031" status="PASS">
          <reporter-output>
          </reporter-output>
        </test-method> <!-- teardown -->
      </class> <!-- com.kpmg.test.LoginTest -->
    </test> <!-- Default test -->
  </suite> <!-- Default suite -->
</testng-results>
