<?xml version="1.0" encoding="UTF-8"?>
<testng-results ignored="3" total="5" passed="2" failed="0" skipped="0">
  <reporter-output>
  </reporter-output>
  <suite started-at="2026-01-22T11:08:02 IST" name="OrangeHRM Suite" finished-at="2026-01-22T11:08:59 IST" duration-ms="57027">
    <groups>
      <group name="regression">
        <method signature="LoginTest.validLoginTest(java.lang.String,java.lang.String,java.lang.String)[pri:0, instance:com.kpmg.test.LoginTest@6771beb3]" name="validLoginTest" class="com.kpmg.test.LoginTest"/>
        <method signature="LoginUITest.titleTest()[pri:0, instance:com.kpmg.test.LoginUITest@2a65fe7c]" name="titleTest" class="com.kpmg.test.LoginUITest"/>
      </group> <!-- regression -->
      <group name="smoke">
        <method signature="LoginTest.validLoginTest(java.lang.String,java.lang.String,java.lang.String)[pri:0, instance:com.kpmg.test.LoginTest@6771beb3]" name="validLoginTest" class="com.kpmg.test.LoginTest"/>
        <method signature="LoginUITest.titleTest()[pri:0, instance:com.kpmg.test.LoginUITest@2a65fe7c]" name="titleTest" class="com.kpmg.test.LoginUITest"/>
      </group> <!-- smoke -->
    </groups>
    <test started-at="2026-01-22T11:08:02 IST" name="All Classes" finished-at="2026-01-22T11:08:59 IST" duration-ms="57027">
      <class name="com.kpmg.test.LoginTest">
        <test-method is-config="true" signature="setup(java.lang.String)[pri:0, instance:com.kpmg.test.LoginTest@6771beb3]" started-at="2026-01-22T11:08:38 IST" name="setup" finished-at="2026-01-22T11:08:48 IST" duration-ms="10303" status="PASS">
          <params>
            <param index="0">
              <value>
                <![CDATA[msedge]]>
              </value>
            </param>
          </params>
          <reporter-output>
          </reporter-output>
        </test-method> <!-- setup -->
        <test-method signature="validLoginTest(java.lang.String,java.lang.String,java.lang.String)[pri:0, instance:com.kpmg.test.LoginTest@6771beb3]" started-at="2026-01-22T11:08:48 IST" name="validLoginTest" data-provider="commonDataProvider" finished-at="2026-01-22T11:08:58 IST" duration-ms="10033" status="PASS">
          <params>
            <param index="0">
              <value>
                <![CDATA[Admin]]>
              </value>
            </param>
            <param index="1">
              <value>
                <![CDATA[admin123]]>
              </value>
            </param>
            <param index="2">
              <value>
                <![CDATA[Dashboard]]>
              </value>
            </param>
          </params>
          <reporter-output>
          </reporter-output>
        </test-method> <!-- validLoginTest -->
        <test-method is-config="true" signature="teardown()[pri:0, instance:com.kpmg.test.LoginTest@6771beb3]" started-at="2026-01-22T11:08:58 IST" name="teardown" finished-at="2026-01-22T11:08:59 IST" duration-ms="678" status="PASS">
          <reporter-output>
          </reporter-output>
        </test-method> <!-- teardown -->
      </class> <!-- com.kpmg.test.LoginTest -->
      <class name="com.kpmg.test.LoginUITest">
        <test-method is-config="true" signature="setup(java.lang.String)[pri:0, instance:com.kpmg.test.LoginUITest@2a65fe7c]" started-at="2026-01-22T11:08:02 IST" name="setup" finished-at="2026-01-22T11:08:35 IST" duration-ms="32490" status="PASS">
          <params>
            <param index="0">
              <value>
                <![CDATA[msedge]]>
              </value>
            </param>
          </params>
          <reporter-output>
          </reporter-output>
        </test-method> <!-- setup -->
        <test-method signature="titleTest()[pri:0, instance:com.kpmg.test.LoginUITest@2a65fe7c]" started-at="2026-01-22T11:08:35 IST" name="titleTest" finished-at="2026-01-22T11:08:35 IST" duration-ms="56" status="PASS">
          <reporter-output>
          </reporter-output>
        </test-method> <!-- titleTest -->
        <test-method is-config="true" signature="teardown()[pri:0, instance:com.kpmg.test.LoginUITest@2a65fe7c]" started-at="2026-01-22T11:08:35 IST" name="teardown" finished-at="2026-01-22T11:08:35 IST" duration-ms="817" status="PASS">
          <reporter-output>
          </reporter-output>
        </test-method> <!-- teardown -->
      </class> <!-- com.kpmg.test.LoginUITest -->
    </test> <!-- All Classes -->
  </suite> <!-- OrangeHRM Suite -->
</testng-results>
