<?xml version="1.0" encoding="UTF-8"?>
<testng-results ignored="0" total="1" passed="1" failed="0" skipped="0">
  <reporter-output>
  </reporter-output>
  <suite started-at="2026-01-20T10:19:59 IST" name="Default suite" finished-at="2026-01-20T10:20:48 IST" duration-ms="48931">
    <groups>
    </groups>
    <test started-at="2026-01-20T10:19:59 IST" name="Default test" finished-at="2026-01-20T10:20:48 IST" duration-ms="48931">
      <class name="com.kpmg.test.LoginTest">
        <test-method is-config="true" signature="setup()[pri:0, instance:com.kpmg.test.LoginTest@49139829]" started-at="2026-01-20T10:19:59 IST" name="setup" finished-at="2026-01-20T10:20:41 IST" duration-ms="42192" status="PASS">
          <reporter-output>
          </reporter-output>
        </test-method> <!-- setup -->
        <test-method signature="validLoginTest()[pri:0, instance:com.kpmg.test.LoginTest@49139829]" started-at="2026-01-20T10:20:41 IST" name="validLoginTest" finished-at="2026-01-20T10:20:47 IST" duration-ms="5811" status="PASS">
          <reporter-output>
          </reporter-output>
        </test-method> <!-- validLoginTest -->
        <test-method is-config="true" signature="teardown()[pri:0, instance:com.kpmg.test.LoginTest@49139829]" started-at="2026-01-20T10:20:47 IST" name="teardown" finished-at="2026-01-20T10:20:48 IST" duration-ms="743" status="PASS">
          <reporter-output>
          </reporter-output>
        </test-method> <!-- teardown -->
      </class> <!-- com.kpmg.test.LoginTest -->
    </test> <!-- Default test -->
  </suite> <!-- Default suite -->
</testng-results>
