<?xml version="1.0" encoding="UTF-8"?>
<testng-results ignored="1" total="2" passed="1" failed="0" skipped="0">
  <reporter-output>
  </reporter-output>
  <suite started-at="2026-01-21T12:00:11 IST" name="Default suite" finished-at="2026-01-21T12:03:36 IST" duration-ms="205188">
    <groups>
    </groups>
    <test started-at="2026-01-21T12:00:11 IST" name="Default test" finished-at="2026-01-21T12:03:36 IST" duration-ms="205188">
      <class name="com.kpmg.test.LoginTest">
        <test-method is-config="true" signature="setup()[pri:0, instance:com.kpmg.test.LoginTest@795509d9]" started-at="2026-01-21T12:00:20 IST" name="setup" finished-at="2026-01-21T12:01:03 IST" duration-ms="42546" status="PASS">
          <reporter-output>
          </reporter-output>
        </test-method> <!-- setup -->
        <test-method signature="validLoginTest(java.lang.String,java.lang.String,java.lang.String)[pri:0, instance:com.kpmg.test.LoginTest@795509d9]" started-at="2026-01-21T12:01:03 IST" name="validLoginTest" data-provider="commonDataProvider" finished-at="2026-01-21T12:03:24 IST" duration-ms="140842" status="PASS">
          <params>
            <param index="0">
              <value>
                <![CDATA[Admin]]>
              </value>
            </param>
            <param index="1">
              <value>
                <![CDATA[admin123]]>
              </value>
            </param>
            <param index="2">
              <value>
                <![CDATA[Dashboard]]>
              </value>
            </param>
          </params>
          <reporter-output>
          </reporter-output>
        </test-method> <!-- validLoginTest -->
        <test-method is-config="true" signature="teardown()[pri:0, instance:com.kpmg.test.LoginTest@795509d9]" started-at="2026-01-21T12:03:24 IST" name="teardown" finished-at="2026-01-21T12:03:36 IST" duration-ms="12538" status="PASS">
          <reporter-output>
          </reporter-output>
        </test-method> <!-- teardown -->
      </class> <!-- com.kpmg.test.LoginTest -->
    </test> <!-- Default test -->
  </suite> <!-- Default suite -->
</testng-results>
