<?xml version="1.0" encoding="UTF-8"?>
<testng-results ignored="1" total="2" passed="1" failed="0" skipped="0">
  <reporter-output>
  </reporter-output>
  <suite started-at="2026-01-29T13:56:48 IST" name="Default suite" finished-at="2026-01-29T13:56:48 IST" duration-ms="67">
    <groups>
    </groups>
    <test started-at="2026-01-29T13:56:48 IST" name="Default test" finished-at="2026-01-29T13:56:48 IST" duration-ms="67">
      <class name="com.kpmg.test.ZDemoLog4jTest">
        <test-method signature="readPropTest()[pri:0, instance:com.kpmg.test.ZDemoLog4jTest@34f7234e]" started-at="2026-01-29T13:56:48 IST" name="readPropTest" finished-at="2026-01-29T13:56:48 IST" duration-ms="27" status="PASS">
          <reporter-output>
          </reporter-output>
        </test-method> <!-- readPropTest -->
      </class> <!-- com.kpmg.test.ZDemoLog4jTest -->
    </test> <!-- Default test -->
  </suite> <!-- Default suite -->
</testng-results>
