<?xml version="1.0" encoding="UTF-8"?>
<testng-results ignored="0" total="3" passed="2" failed="1" skipped="0">
  <reporter-output>
  </reporter-output>
  <suite started-at="2026-01-29T11:14:15 IST" name="Default suite" finished-at="2026-01-29T11:15:51 IST" duration-ms="96252">
    <groups>
      <group name="regression">
        <method signature="LoginUITest.headerTest()[pri:0, instance:com.kpmg.test.LoginUITest@7966baa7]" name="headerTest" class="com.kpmg.test.LoginUITest"/>
        <method signature="LoginUITest.placeholderTest()[pri:0, instance:com.kpmg.test.LoginUITest@7966baa7]" name="placeholderTest" class="com.kpmg.test.LoginUITest"/>
        <method signature="LoginUITest.titleTest()[pri:0, instance:com.kpmg.test.LoginUITest@7966baa7]" name="titleTest" class="com.kpmg.test.LoginUITest"/>
      </group> <!-- regression -->
      <group name="smoke">
        <method signature="LoginUITest.titleTest()[pri:0, instance:com.kpmg.test.LoginUITest@7966baa7]" name="titleTest" class="com.kpmg.test.LoginUITest"/>
      </group> <!-- smoke -->
    </groups>
    <test started-at="2026-01-29T11:14:15 IST" name="Default test" finished-at="2026-01-29T11:15:51 IST" duration-ms="96252">
      <class name="com.kpmg.test.LoginUITest">
        <test-method is-config="true" signature="init()[pri:0, instance:com.kpmg.test.LoginUITest@7966baa7]" started-at="2026-01-29T11:14:14 IST" name="init" finished-at="2026-01-29T11:14:15 IST" duration-ms="644" status="PASS">
          <reporter-output>
          </reporter-output>
        </test-method> <!-- init -->
        <test-method is-config="true" signature="setup(java.lang.String,java.lang.reflect.Method)[pri:0, instance:com.kpmg.test.LoginUITest@7966baa7]" started-at="2026-01-29T11:14:15 IST" name="setup" finished-at="2026-01-29T11:15:07 IST" duration-ms="52531" status="PASS">
          <params>
            <param index="0">
              <value>
                <![CDATA[chrome]]>
              </value>
            </param>
            <param index="1">
              <value>
                <![CDATA[public void com.kpmg.test.LoginUITest.headerTest()]]>
              </value>
            </param>
          </params>
          <reporter-output>
          </reporter-output>
        </test-method> <!-- setup -->
        <test-method signature="headerTest()[pri:0, instance:com.kpmg.test.LoginUITest@7966baa7]" started-at="2026-01-29T11:15:07 IST" name="headerTest" finished-at="2026-01-29T11:15:09 IST" duration-ms="1315" status="PASS">
          <reporter-output>
          </reporter-output>
        </test-method> <!-- headerTest -->
        <test-method is-config="true" signature="teardown(org.testng.ITestResult,java.lang.reflect.Method)[pri:0, instance:com.kpmg.test.LoginUITest@7966baa7]" started-at="2026-01-29T11:15:09 IST" name="teardown" finished-at="2026-01-29T11:15:09 IST" duration-ms="565" status="PASS">
          <params>
            <param index="0">
              <value>
                <![CDATA[[TestResult name=headerTest status=SUCCESS method=LoginUITest.headerTest()[pri:0, instance:com.kpmg.test.LoginUITest@7966baa7] output={null}]]]>
              </value>
            </param>
            <param index="1">
              <value>
                <![CDATA[public void com.kpmg.test.LoginUITest.headerTest()]]>
              </value>
            </param>
          </params>
          <reporter-output>
          </reporter-output>
        </test-method> <!-- teardown -->
        <test-method is-config="true" signature="setup(java.lang.String,java.lang.reflect.Method)[pri:0, instance:com.kpmg.test.LoginUITest@7966baa7]" started-at="2026-01-29T11:15:09 IST" name="setup" finished-at="2026-01-29T11:15:27 IST" duration-ms="17869" status="PASS">
          <params>
            <param index="0">
              <value>
                <![CDATA[chrome]]>
              </value>
            </param>
            <param index="1">
              <value>
                <![CDATA[public void com.kpmg.test.LoginUITest.placeholderTest()]]>
              </value>
            </param>
          </params>
          <reporter-output>
          </reporter-output>
        </test-method> <!-- setup -->
        <test-method signature="placeholderTest()[pri:0, instance:com.kpmg.test.LoginUITest@7966baa7]" started-at="2026-01-29T11:15:27 IST" name="placeholderTest" finished-at="2026-01-29T11:15:29 IST" duration-ms="1844" status="FAIL">
          <exception class="java.lang.AssertionError">
            <message>
              <![CDATA[expected [Username123] but found [Username]]]>
            </message>
            <full-stacktrace>
              <![CDATA[java.lang.AssertionError: expected [Username123] but found [Username]
at org.testng.Assert.fail(Assert.java:111)
at org.testng.Assert.failNotEquals(Assert.java:1590)
at org.testng.Assert.assertEqualsImpl(Assert.java:150)
at org.testng.Assert.assertEquals(Assert.java:132)
at org.testng.Assert.assertEquals(Assert.java:656)
at org.testng.Assert.assertEquals(Assert.java:666)
at com.kpmg.test.LoginUITest.placeholderTest(LoginUITest.java:32)
at java.base/jdk.internal.reflect.DirectMethodHandleAccessor.invoke(DirectMethodHandleAccessor.java:103)
at java.base/java.lang.reflect.Method.invoke(Method.java:580)
at org.testng.internal.invokers.MethodInvocationHelper.invokeMethod(MethodInvocationHelper.java:141)
at org.testng.internal.invokers.TestInvoker.invokeMethod(TestInvoker.java:687)
at org.testng.internal.invokers.TestInvoker.invokeTestMethod(TestInvoker.java:230)
at org.testng.internal.invokers.MethodRunner.runInSequence(MethodRunner.java:63)
at org.testng.internal.invokers.TestInvoker$MethodInvocationAgent.invoke(TestInvoker.java:995)
at org.testng.internal.invokers.TestInvoker.invokeTestMethods(TestInvoker.java:203)
at org.testng.internal.invokers.TestMethodWorker.invokeTestMethods(TestMethodWorker.java:154)
at org.testng.internal.invokers.TestMethodWorker.run(TestMethodWorker.java:134)
at java.base/java.util.ArrayList.forEach(ArrayList.java:1596)
at org.testng.TestRunner.privateRun(TestRunner.java:741)
at org.testng.TestRunner.run(TestRunner.java:616)
at org.testng.SuiteRunner.runTest(SuiteRunner.java:421)
at org.testng.SuiteRunner.runSequentially(SuiteRunner.java:413)
at org.testng.SuiteRunner.privateRun(SuiteRunner.java:373)
at org.testng.SuiteRunner.run(SuiteRunner.java:312)
at org.testng.SuiteRunnerWorker.runSuite(SuiteRunnerWorker.java:52)
at org.testng.SuiteRunnerWorker.run(SuiteRunnerWorker.java:95)
at org.testng.TestNG.runSuitesSequentially(TestNG.java:1274)
at org.testng.TestNG.runSuitesLocally(TestNG.java:1208)
at org.testng.TestNG.runSuites(TestNG.java:1112)
at org.testng.TestNG.run(TestNG.java:1079)
at org.testng.remote.AbstractRemoteTestNG.run(AbstractRemoteTestNG.java:115)
at org.testng.remote.RemoteTestNG.initAndRun(RemoteTestNG.java:293)
at org.testng.remote.RemoteTestNG.main(RemoteTestNG.java:91)
]]>
            </full-stacktrace>
          </exception> <!-- java.lang.AssertionError -->
          <reporter-output>
          </reporter-output>
        </test-method> <!-- placeholderTest -->
        <test-method is-config="true" signature="teardown(org.testng.ITestResult,java.lang.reflect.Method)[pri:0, instance:com.kpmg.test.LoginUITest@7966baa7]" started-at="2026-01-29T11:15:29 IST" name="teardown" finished-at="2026-01-29T11:15:35 IST" duration-ms="5826" status="PASS">
          <params>
            <param index="0">
              <value>
                <![CDATA[[TestResult name=placeholderTest status=FAILURE method=LoginUITest.placeholderTest()[pri:0, instance:com.kpmg.test.LoginUITest@7966baa7] output={null}]]]>
              </value>
            </param>
            <param index="1">
              <value>
                <![CDATA[public void com.kpmg.test.LoginUITest.placeholderTest()]]>
              </value>
            </param>
          </params>
          <reporter-output>
          </reporter-output>
        </test-method> <!-- teardown -->
        <test-method is-config="true" signature="setup(java.lang.String,java.lang.reflect.Method)[pri:0, instance:com.kpmg.test.LoginUITest@7966baa7]" started-at="2026-01-29T11:15:35 IST" name="setup" finished-at="2026-01-29T11:15:50 IST" duration-ms="15423" status="PASS">
          <params>
            <param index="0">
              <value>
                <![CDATA[chrome]]>
              </value>
            </param>
            <param index="1">
              <value>
                <![CDATA[public void com.kpmg.test.LoginUITest.titleTest()]]>
              </value>
            </param>
          </params>
          <reporter-output>
          </reporter-output>
        </test-method> <!-- setup -->
        <test-method signature="titleTest()[pri:0, instance:com.kpmg.test.LoginUITest@7966baa7]" started-at="2026-01-29T11:15:50 IST" name="titleTest" finished-at="2026-01-29T11:15:50 IST" duration-ms="29" status="PASS">
          <reporter-output>
          </reporter-output>
        </test-method> <!-- titleTest -->
        <test-method is-config="true" signature="teardown(org.testng.ITestResult,java.lang.reflect.Method)[pri:0, instance:com.kpmg.test.LoginUITest@7966baa7]" started-at="2026-01-29T11:15:50 IST" name="teardown" finished-at="2026-01-29T11:15:51 IST" duration-ms="686" status="PASS">
          <params>
            <param index="0">
              <value>
                <![CDATA[[TestResult name=titleTest status=SUCCESS method=LoginUITest.titleTest()[pri:0, instance:com.kpmg.test.LoginUITest@7966baa7] output={null}]]]>
              </value>
            </param>
            <param index="1">
              <value>
                <![CDATA[public void com.kpmg.test.LoginUITest.titleTest()]]>
              </value>
            </param>
          </params>
          <reporter-output>
          </reporter-output>
        </test-method> <!-- teardown -->
        <test-method is-config="true" signature="end()[pri:0, instance:com.kpmg.test.LoginUITest@7966baa7]" started-at="2026-01-29T11:15:51 IST" name="end" finished-at="2026-01-29T11:15:53 IST" duration-ms="1485" status="PASS">
          <reporter-output>
          </reporter-output>
        </test-method> <!-- end -->
      </class> <!-- com.kpmg.test.LoginUITest -->
    </test> <!-- Default test -->
  </suite> <!-- Default suite -->
</testng-results>
