<?xml version="1.0" encoding="UTF-8"?>
<testng-results ignored="1" total="3" passed="2" failed="0" skipped="0">
  <reporter-output>
  </reporter-output>
  <suite started-at="2026-01-21T10:08:24 IST" name="Default suite" finished-at="2026-01-21T10:10:30 IST" duration-ms="125507">
    <groups>
    </groups>
    <test started-at="2026-01-21T10:08:24 IST" name="Default test" finished-at="2026-01-21T10:10:30 IST" duration-ms="125507">
      <class name="com.kpmg.test.LoginTest">
        <test-method is-config="true" signature="setup()[pri:0, instance:com.kpmg.test.LoginTest@795509d9]" started-at="2026-01-21T10:09:13 IST" name="setup" finished-at="2026-01-21T10:10:02 IST" duration-ms="48853" status="PASS">
          <reporter-output>
          </reporter-output>
        </test-method> <!-- setup -->
        <test-method signature="invalidLoginTest(java.lang.String,java.lang.String,java.lang.String)[pri:0, instance:com.kpmg.test.LoginTest@795509d9]" started-at="2026-01-21T10:10:02 IST" name="invalidLoginTest" data-provider="commonDataProvider" finished-at="2026-01-21T10:10:07 IST" duration-ms="5380" status="PASS">
          <params>
            <param index="0">
              <value>
                <![CDATA[bala]]>
              </value>
            </param>
            <param index="1">
              <value>
                <![CDATA[bala123]]>
              </value>
            </param>
            <param index="2">
              <value>
                <![CDATA[Invalid credentials]]>
              </value>
            </param>
          </params>
          <reporter-output>
          </reporter-output>
        </test-method> <!-- invalidLoginTest -->
        <test-method is-config="true" signature="teardown()[pri:0, instance:com.kpmg.test.LoginTest@795509d9]" started-at="2026-01-21T10:10:07 IST" name="teardown" finished-at="2026-01-21T10:10:10 IST" duration-ms="2978" status="PASS">
          <reporter-output>
          </reporter-output>
        </test-method> <!-- teardown -->
        <test-method is-config="true" signature="setup()[pri:0, instance:com.kpmg.test.LoginTest@795509d9]" started-at="2026-01-21T10:10:10 IST" name="setup" finished-at="2026-01-21T10:10:21 IST" duration-ms="11037" status="PASS">
          <reporter-output>
          </reporter-output>
        </test-method> <!-- setup -->
        <test-method signature="invalidLoginTest(java.lang.String,java.lang.String,java.lang.String)[pri:0, instance:com.kpmg.test.LoginTest@795509d9]" started-at="2026-01-21T10:10:21 IST" name="invalidLoginTest" data-provider="commonDataProvider" finished-at="2026-01-21T10:10:27 IST" duration-ms="6077" status="PASS">
          <params>
            <param index="0">
              <value>
                <![CDATA[jack]]>
              </value>
            </param>
            <param index="1">
              <value>
                <![CDATA[jack123]]>
              </value>
            </param>
            <param index="2">
              <value>
                <![CDATA[Invalid credentials]]>
              </value>
            </param>
          </params>
          <reporter-output>
          </reporter-output>
        </test-method> <!-- invalidLoginTest -->
        <test-method is-config="true" signature="teardown()[pri:0, instance:com.kpmg.test.LoginTest@795509d9]" started-at="2026-01-21T10:10:27 IST" name="teardown" finished-at="2026-01-21T10:10:30 IST" duration-ms="2318" status="PASS">
          <reporter-output>
          </reporter-output>
        </test-method> <!-- teardown -->
      </class> <!-- com.kpmg.test.LoginTest -->
    </test> <!-- Default test -->
  </suite> <!-- Default suite -->
</testng-results>
