<?xml version="1.0" encoding="UTF-8"?>
<testng-results ignored="0" total="2" passed="2" failed="0" skipped="0">
  <reporter-output>
  </reporter-output>
  <suite started-at="2026-01-20T10:38:13 IST" name="Default suite" finished-at="2026-01-20T10:39:04 IST" duration-ms="51279">
    <groups>
    </groups>
    <test started-at="2026-01-20T10:38:13 IST" name="Default test" finished-at="2026-01-20T10:39:04 IST" duration-ms="51279">
      <class name="com.kpmg.test.LoginTest">
        <test-method is-config="true" signature="setup()[pri:0, instance:com.kpmg.test.LoginTest@4550bb58]" started-at="2026-01-20T10:38:13 IST" name="setup" finished-at="2026-01-20T10:38:43 IST" duration-ms="30628" status="PASS">
          <reporter-output>
          </reporter-output>
        </test-method> <!-- setup -->
        <test-method signature="invalidLoginTest()[pri:0, instance:com.kpmg.test.LoginTest@4550bb58]" started-at="2026-01-20T10:38:43 IST" name="invalidLoginTest" finished-at="2026-01-20T10:38:49 IST" duration-ms="5920" status="PASS">
          <reporter-output>
          </reporter-output>
        </test-method> <!-- invalidLoginTest -->
        <test-method is-config="true" signature="teardown()[pri:0, instance:com.kpmg.test.LoginTest@4550bb58]" started-at="2026-01-20T10:38:49 IST" name="teardown" finished-at="2026-01-20T10:38:50 IST" duration-ms="486" status="PASS">
          <reporter-output>
          </reporter-output>
        </test-method> <!-- teardown -->
        <test-method is-config="true" signature="setup()[pri:0, instance:com.kpmg.test.LoginTest@4550bb58]" started-at="2026-01-20T10:38:50 IST" name="setup" finished-at="2026-01-20T10:38:59 IST" duration-ms="8925" status="PASS">
          <reporter-output>
          </reporter-output>
        </test-method> <!-- setup -->
        <test-method signature="validLoginTest()[pri:0, instance:com.kpmg.test.LoginTest@4550bb58]" started-at="2026-01-20T10:38:59 IST" name="validLoginTest" finished-at="2026-01-20T10:39:03 IST" duration-ms="4690" status="PASS">
          <reporter-output>
          </reporter-output>
        </test-method> <!-- validLoginTest -->
        <test-method is-config="true" signature="teardown()[pri:0, instance:com.kpmg.test.LoginTest@4550bb58]" started-at="2026-01-20T10:39:03 IST" name="teardown" finished-at="2026-01-20T10:39:04 IST" duration-ms="480" status="PASS">
          <reporter-output>
          </reporter-output>
        </test-method> <!-- teardown -->
      </class> <!-- com.kpmg.test.LoginTest -->
    </test> <!-- Default test -->
  </suite> <!-- Default suite -->
</testng-results>
