<?xml version="1.0" encoding="UTF-8"?>
<!-- Generated by org.testng.reporters.JUnitReportReporter -->
<testsuite hostname="DESKTOP-7H5FTIU" failures="0" tests="3" name="com.kpmg.test.ZDemo1Test" time="16.224" errors="0" timestamp="2026-01-20T11:07:41 IST" skipped="0">
  <testcase classname="com.kpmg.test.ZDemo1Test" name="validTest" time="6.553"/>
  <testcase classname="com.kpmg.test.ZDemo1Test" name="validTest" time="5.323"/>
  <testcase classname="com.kpmg.test.ZDemo1Test" name="validTest" time="4.348"/>
</testsuite> <!-- com.kpmg.test.ZDemo1Test -->
