<?xml version="1.0" encoding="UTF-8"?>
<!-- Generated by org.testng.reporters.JUnitReportReporter -->
<testsuite hostname="DESKTOP-7H5FTIU" failures="0" tests="4" name="com.kpmg.test.LoginUITest" time="98.171" errors="0" timestamp="2026-01-21T13:31:22 IST" skipped="0">
  <testcase classname="com.kpmg.test.LoginUITest" name="headerTest" time="13.764"/>
  <testcase classname="com.kpmg.test.LoginUITest" name="titleTest" time="37.308"/>
  <testcase classname="com.kpmg.test.LoginUITest" name="headerTest" time="11.749"/>
  <testcase classname="com.kpmg.test.LoginUITest" name="titleTest" time="35.350"/>
</testsuite> <!-- com.kpmg.test.LoginUITest -->
